This is pdfTeX, Version 3.141592653-2.6-1.40.26 (TeX Live 2024/Arch Linux) (preloaded format=pdflatex 2025.3.2)  3 MAR 2025 07:09
entering extended mode
 restricted \write18 enabled.
 %&-line parsing enabled.
**list.tex
(./list.tex
LaTeX2e <2023-11-01> patch level 1
L3 programming layer <2024-02-20>
(/usr/share/texmf-dist/tex/latex/base/article.cls
Document Class: article 2023/05/17 v1.4n Standard LaTeX document class
(/usr/share/texmf-dist/tex/latex/base/size12.clo
File: size12.clo 2023/05/17 v1.4n Standard LaTeX file (size option)
)
\c@part=\count188
\c@section=\count189
\c@subsection=\count190
\c@subsubsection=\count191
\c@paragraph=\count192
\c@subparagraph=\count193
\c@figure=\count194
\c@table=\count195
\abovecaptionskip=\skip48
\belowcaptionskip=\skip49
\bibindent=\dimen140
)
(/usr/share/texmf-dist/tex/latex/geometry/geometry.sty
Package: geometry 2020/01/02 v5.9 Page Geometry

(/usr/share/texmf-dist/tex/latex/graphics/keyval.sty
Package: keyval 2022/05/29 v1.15 key=value parser (DPC)
\KV@toks@=\toks17
)
(/usr/share/texmf-dist/tex/generic/iftex/ifvtex.sty
Package: ifvtex 2019/10/25 v1.7 ifvtex legacy package. Use iftex instead.

(/usr/share/texmf-dist/tex/generic/iftex/iftex.sty
Package: iftex 2022/02/03 v1.0f TeX engine tests
))
\Gm@cnth=\count196
\Gm@cntv=\count197
\c@Gm@tempcnt=\count198
\Gm@bindingoffset=\dimen141
\Gm@wd@mp=\dimen142
\Gm@odd@mp=\dimen143
\Gm@even@mp=\dimen144
\Gm@layoutwidth=\dimen145
\Gm@layoutheight=\dimen146
\Gm@layouthoffset=\dimen147
\Gm@layoutvoffset=\dimen148
\Gm@dimlist=\toks18
)
(/usr/share/texmf-dist/tex/latex/base/fontenc.sty
Package: fontenc 2021/04/29 v2.0v Standard LaTeX package
)
(/usr/share/texmf-dist/tex/latex/base/inputenc.sty
Package: inputenc 2021/02/14 v1.3d Input encoding file
\inpenc@prehook=\toks19
\inpenc@posthook=\toks20
)
(/usr/share/texmf-dist/tex/latex/cormorantgaramond/CormorantGaramond.sty
Package: CormorantGaramond 2022/09/16 (Bob Tennent and autoinst) Style file for
 Cormorant Garamond fonts.

(/usr/share/texmf-dist/tex/generic/iftex/ifxetex.sty
Package: ifxetex 2019/10/25 v0.7 ifxetex legacy package. Use iftex instead.
)
(/usr/share/texmf-dist/tex/generic/iftex/ifluatex.sty
Package: ifluatex 2019/10/25 v1.5 ifluatex legacy package. Use iftex instead.
)
(/usr/share/texmf-dist/tex/latex/xkeyval/xkeyval.sty
Package: xkeyval 2022/06/16 v2.9 package option processing (HA)

(/usr/share/texmf-dist/tex/generic/xkeyval/xkeyval.tex
(/usr/share/texmf-dist/tex/generic/xkeyval/xkvutils.tex
\XKV@toks=\toks21
\XKV@tempa@toks=\toks22
)
\XKV@depth=\count199
File: xkeyval.tex 2014/12/03 v2.7a key=value parser (HA)
))
(/usr/share/texmf-dist/tex/latex/base/textcomp.sty
Package: textcomp 2020/02/02 v2.0n Standard LaTeX package
)
(/usr/share/texmf-dist/tex/latex/base/fontenc.sty
Package: fontenc 2021/04/29 v2.0v Standard LaTeX package
)
(/usr/share/texmf-dist/tex/latex/fontaxes/fontaxes.sty
Package: fontaxes 2020/07/21 v1.0e Font selection axes
LaTeX Info: Redefining \upshape on input line 29.
LaTeX Info: Redefining \itshape on input line 31.
LaTeX Info: Redefining \slshape on input line 33.
LaTeX Info: Redefining \swshape on input line 35.
LaTeX Info: Redefining \scshape on input line 37.
LaTeX Info: Redefining \sscshape on input line 39.
LaTeX Info: Redefining \ulcshape on input line 41.
LaTeX Info: Redefining \textsw on input line 47.
LaTeX Info: Redefining \textssc on input line 48.
LaTeX Info: Redefining \textulc on input line 49.
)
LaTeX Info: Redefining \oldstylenums on input line 123.
)
(/usr/share/texmf-dist/tex/latex/xcolor/xcolor.sty
Package: xcolor 2023/11/15 v3.01 LaTeX color extensions (UK)

(/usr/share/texmf-dist/tex/latex/graphics-cfg/color.cfg
File: color.cfg 2016/01/02 v1.6 sample color configuration
)
Package xcolor Info: Driver file: pdftex.def on input line 274.

(/usr/share/texmf-dist/tex/latex/graphics-def/pdftex.def
File: pdftex.def 2022/09/22 v1.2b Graphics/color driver for pdftex
)
(/usr/share/texmf-dist/tex/latex/graphics/mathcolor.ltx)
Package xcolor Info: Model `cmy' substituted by `cmy0' on input line 1350.
Package xcolor Info: Model `hsb' substituted by `rgb' on input line 1354.
Package xcolor Info: Model `RGB' extended on input line 1366.
Package xcolor Info: Model `HTML' substituted by `rgb' on input line 1368.
Package xcolor Info: Model `Hsb' substituted by `hsb' on input line 1369.
Package xcolor Info: Model `tHsb' substituted by `hsb' on input line 1370.
Package xcolor Info: Model `HSB' substituted by `hsb' on input line 1371.
Package xcolor Info: Model `Gray' substituted by `gray' on input line 1372.
Package xcolor Info: Model `wave' substituted by `hsb' on input line 1373.
)
(/usr/share/texmf-dist/tex/latex/fancyhdr/fancyhdr.sty
Package: fancyhdr 2022/11/09 v4.1 Extensive control of page headers and footers

\f@nch@headwidth=\skip50
\f@nch@O@elh=\skip51
\f@nch@O@erh=\skip52
\f@nch@O@olh=\skip53
\f@nch@O@orh=\skip54
\f@nch@O@elf=\skip55
\f@nch@O@erf=\skip56
\f@nch@O@olf=\skip57
\f@nch@O@orf=\skip58
)
(/usr/share/texmf-dist/tex/latex/titlesec/titlesec.sty
Package: titlesec 2023/10/27 v2.16 Sectioning titles
\ttl@box=\box51
\beforetitleunit=\skip59
\aftertitleunit=\skip60
\ttl@plus=\dimen149
\ttl@minus=\dimen150
\ttl@toksa=\toks23
\titlewidth=\dimen151
\titlewidthlast=\dimen152
\titlewidthfirst=\dimen153
)
(/usr/share/texmf-dist/tex/latex/minted/minted.sty
Package: minted 2023/12/18 v2.9 Yet another Pygments shim for LaTeX

(/usr/share/texmf-dist/tex/latex/kvoptions/kvoptions.sty
Package: kvoptions 2022-06-15 v3.15 Key value format for package options (HO)

(/usr/share/texmf-dist/tex/generic/ltxcmds/ltxcmds.sty
Package: ltxcmds 2023-12-04 v1.26 LaTeX kernel commands for general use (HO)
)
(/usr/share/texmf-dist/tex/latex/kvsetkeys/kvsetkeys.sty
Package: kvsetkeys 2022-10-05 v1.19 Key value parser (HO)
))
(/usr/share/texmf-dist/tex/latex/fvextra/fvextra.sty
Package: fvextra 2023/11/28 v1.6.1 fvextra - extensions and patches for fancyvr
b

(/usr/share/texmf-dist/tex/latex/etoolbox/etoolbox.sty
Package: etoolbox 2020/10/05 v2.5k e-TeX tools for LaTeX (JAW)
\etb@tempcnta=\count266
)
(/usr/share/texmf-dist/tex/latex/fancyvrb/fancyvrb.sty
Package: fancyvrb 2024/01/20 4.5c verbatim text (tvz,hv)
\FV@CodeLineNo=\count267
\FV@InFile=\read2
\FV@TabBox=\box52
\c@FancyVerbLine=\count268
\FV@StepNumber=\count269
\FV@OutFile=\write3
)
(/usr/share/texmf-dist/tex/latex/upquote/upquote.sty
Package: upquote 2012/04/19 v1.3 upright-quote and grave-accent glyphs in verba
tim
)
(/usr/share/texmf-dist/tex/latex/lineno/lineno.sty
Package: lineno 2023/05/20 line numbers on paragraphs v5.3
\linenopenalty=\count270
\output=\toks24
\linenoprevgraf=\count271
\linenumbersep=\dimen154
\linenumberwidth=\dimen155
\c@linenumber=\count272
\c@pagewiselinenumber=\count273
\c@LN@truepage=\count274
\c@internallinenumber=\count275
\c@internallinenumbers=\count276
\quotelinenumbersep=\dimen156
\bframerule=\dimen157
\bframesep=\dimen158
\bframebox=\box53
LaTeX Info: Redefining \\ on input line 3180.
)
\c@FancyVerbWriteLine=\count277
\c@FancyVerbBufferIndex=\count278
\c@FancyVerbBufferLength=\count279
\c@FancyVerbBufferLine=\count280
\c@FV@oldbufferlength=\count281
\c@FV@TrueTabGroupLevel=\count282
\c@FV@TrueTabCounter=\count283
\FV@TabBox@Group=\box54
\FV@TmpLength=\skip61
\c@FV@HighlightLinesStart=\count284
\c@FV@HighlightLinesStop=\count285
\FV@LoopCount=\count286
\FV@NCharsBox=\box55
\FV@BreakIndent=\dimen159
\FV@BreakIndentNChars=\count287
\FV@BreakSymbolSepLeft=\dimen160
\FV@BreakSymbolSepLeftNChars=\count288
\FV@BreakSymbolSepRight=\dimen161
\FV@BreakSymbolSepRightNChars=\count289
\FV@BreakSymbolIndentLeft=\dimen162
\FV@BreakSymbolIndentLeftNChars=\count290
\FV@BreakSymbolIndentRight=\dimen163
\FV@BreakSymbolIndentRightNChars=\count291
\c@FancyVerbLineBreakLast=\count292
\FV@LineBox=\box56
\FV@LineIndentBox=\box57
\c@FV@BreakBufferDepth=\count293
\FV@LineWidth=\dimen164
)
(/usr/share/texmf-dist/tex/latex/base/ifthen.sty
Package: ifthen 2022/04/13 v1.1d Standard LaTeX ifthen package (DPC)
)
(/usr/share/texmf-dist/tex/latex/tools/shellesc.sty
Package: shellesc 2023/07/08 v1.0d unified shell escape interface for LaTeX
Package shellesc Info: Restricted shell escape enabled on input line 77.
)
(/usr/share/texmf-dist/tex/latex/ifplatform/ifplatform.sty
Package: ifplatform 2017/10/13 v0.4a Testing for the operating system

(/usr/share/texmf-dist/tex/generic/pdftexcmds/pdftexcmds.sty
Package: pdftexcmds 2020-06-27 v0.33 Utility functions of pdfTeX for LuaTeX (HO
)

(/usr/share/texmf-dist/tex/generic/infwarerr/infwarerr.sty
Package: infwarerr 2019/12/03 v1.5 Providing info/warning/error messages (HO)
)
Package pdftexcmds Info: \pdf@primitive is available.
Package pdftexcmds Info: \pdf@ifprimitive is available.
Package pdftexcmds Info: \pdfdraftmode found.
)
(/usr/share/texmf-dist/tex/generic/catchfile/catchfile.sty
Package: catchfile 2019/12/09 v1.8 Catch the contents of a file (HO)

(/usr/share/texmf-dist/tex/generic/etexcmds/etexcmds.sty
Package: etexcmds 2019/12/15 v1.7 Avoid name clashes with e-TeX commands (HO)
))

Package ifplatform Warning: 
    shell escape is disabled, so I can only detect \ifwindows.

) (/usr/share/texmf-dist/tex/generic/xstring/xstring.sty
(/usr/share/texmf-dist/tex/generic/xstring/xstring.tex
\xs_counta=\count294
\xs_countb=\count295
)
Package: xstring 2023/08/22 v1.86 String manipulations (CT)
)
(/usr/share/texmf-dist/tex/latex/framed/framed.sty
Package: framed 2011/10/22 v 0.96: framed or shaded text with page breaks
\OuterFrameSep=\skip62
\fb@frw=\dimen165
\fb@frh=\dimen166
\FrameRule=\dimen167
\FrameSep=\dimen168
)
(/usr/share/texmf-dist/tex/latex/float/float.sty
Package: float 2001/11/08 v1.3d Float enhancements (AL)
\c@float@type=\count296
\float@exts=\toks25
\float@box=\box58
\@float@everytoks=\toks26
\@floatcapt=\box59
)
\minted@appexistsfile=\read3
\minted@bgbox=\box60
\minted@code=\write4
\c@minted@FancyVerbLineTemp=\count297
\c@minted@pygmentizecounter=\count298
\@float@every@listing=\toks27
\c@listing=\count299
)
runsystem(mkdir -p _minted-list)...disabled (restricted).



! Package minted Error: You must invoke LaTeX with the -shell-escape flag.

See the minted package documentation for explanation.
Type  H <return>  for immediate help.
 ...                                              
                                                  
l.12 \usemintedstyle
                    {dracula}
? 
(/usr/share/texmf-dist/tex/latex/algorithms/algorithm.sty
Package: algorithm 2009/08/24 v0.1 Document Style `algorithm' - floating enviro
nment
\@float@every@algorithm=\toks28
\c@algorithm=\count300
)
(/usr/share/texmf-dist/tex/latex/algorithmicx/algpseudocode.sty
Package: algpseudocode 

(/usr/share/texmf-dist/tex/latex/algorithmicx/algorithmicx.sty
Package: algorithmicx 2005/04/27 v1.2 Algorithmicx

Document Style algorithmicx 1.2 - a greatly improved `algorithmic' style
\c@ALG@line=\count301
\c@ALG@rem=\count302
\c@ALG@nested=\count303
\ALG@tlm=\skip63
\ALG@thistlm=\skip64
\c@ALG@Lnr=\count304
\c@ALG@blocknr=\count305
\c@ALG@storecount=\count306
\c@ALG@tmpcounter=\count307
\ALG@tmplength=\skip65
)
Document Style - pseudocode environments for use with the `algorithmicx' style
) (/usr/share/texmf-dist/tex/latex/amsmath/amsmath.sty
Package: amsmath 2023/05/13 v2.17o AMS math features
\@mathmargin=\skip66

For additional information on amsmath, use the `?' option.
(/usr/share/texmf-dist/tex/latex/amsmath/amstext.sty
Package: amstext 2021/08/26 v2.01 AMS text

(/usr/share/texmf-dist/tex/latex/amsmath/amsgen.sty
File: amsgen.sty 1999/11/30 v2.0 generic functions
\@emptytoks=\toks29
\ex@=\dimen169
))
(/usr/share/texmf-dist/tex/latex/amsmath/amsbsy.sty
Package: amsbsy 1999/11/29 v1.2d Bold Symbols
\pmbraise@=\dimen170
)
(/usr/share/texmf-dist/tex/latex/amsmath/amsopn.sty
Package: amsopn 2022/04/08 v2.04 operator names
)
\inf@bad=\count308
LaTeX Info: Redefining \frac on input line 234.
\uproot@=\count309
\leftroot@=\count310
LaTeX Info: Redefining \overline on input line 399.
LaTeX Info: Redefining \colon on input line 410.
\classnum@=\count311
\DOTSCASE@=\count312
LaTeX Info: Redefining \ldots on input line 496.
LaTeX Info: Redefining \dots on input line 499.
LaTeX Info: Redefining \cdots on input line 620.
\Mathstrutbox@=\box61
\strutbox@=\box62
LaTeX Info: Redefining \big on input line 722.
LaTeX Info: Redefining \Big on input line 723.
LaTeX Info: Redefining \bigg on input line 724.
LaTeX Info: Redefining \Bigg on input line 725.
\big@size=\dimen171
LaTeX Font Info:    Redeclaring font encoding OML on input line 743.
LaTeX Font Info:    Redeclaring font encoding OMS on input line 744.
\macc@depth=\count313
LaTeX Info: Redefining \bmod on input line 905.
LaTeX Info: Redefining \pmod on input line 910.
LaTeX Info: Redefining \smash on input line 940.
LaTeX Info: Redefining \relbar on input line 970.
LaTeX Info: Redefining \Relbar on input line 971.
\c@MaxMatrixCols=\count314
\dotsspace@=\muskip16
\c@parentequation=\count315
\dspbrk@lvl=\count316
\tag@help=\toks30
\row@=\count317
\column@=\count318
\maxfields@=\count319
\andhelp@=\toks31
\eqnshift@=\dimen172
\alignsep@=\dimen173
\tagshift@=\dimen174
\tagwidth@=\dimen175
\totwidth@=\dimen176
\lineht@=\dimen177
\@envbody=\toks32
\multlinegap=\skip67
\multlinetaggap=\skip68
\mathdisplay@stack=\toks33
LaTeX Info: Redefining \[ on input line 2953.
LaTeX Info: Redefining \] on input line 2954.
)
\linenoamsmath@ams@eqpen=\count320

(/usr/share/texmf-dist/tex/latex/amsfonts/amssymb.sty
Package: amssymb 2013/01/14 v3.01 AMS font symbols

(/usr/share/texmf-dist/tex/latex/amsfonts/amsfonts.sty
Package: amsfonts 2013/01/14 v3.01 Basic AMSFonts support
\symAMSa=\mathgroup4
\symAMSb=\mathgroup5
LaTeX Font Info:    Redeclaring math symbol \hbar on input line 98.
LaTeX Font Info:    Overwriting math alphabet `\mathfrak' in version `bold'
(Font)                  U/euf/m/n --> U/euf/b/n on input line 106.
))
(/usr/share/texmf-dist/tex/latex/amscls/amsthm.sty
Package: amsthm 2020/05/29 v2.20.6
\thm@style=\toks34
\thm@bodyfont=\toks35
\thm@headfont=\toks36
\thm@notefont=\toks37
\thm@headpunct=\toks38
\thm@preskip=\skip69
\thm@postskip=\skip70
\thm@headsep=\skip71
\dth@everypar=\toks39
)
(/usr/share/texmf-dist/tex/latex/listings/listings.sty
\lst@mode=\count321
\lst@gtempboxa=\box63
\lst@token=\toks40
\lst@length=\count322
\lst@currlwidth=\dimen178
\lst@column=\count323
\lst@pos=\count324
\lst@lostspace=\dimen179
\lst@width=\dimen180
\lst@newlines=\count325
\lst@lineno=\count326
\lst@maxwidth=\dimen181

(/usr/share/texmf-dist/tex/latex/listings/lstpatch.sty
File: lstpatch.sty 2024/02/21 1.10 (Carsten Heinz)
)
(/usr/share/texmf-dist/tex/latex/listings/lstmisc.sty
File: lstmisc.sty 2024/02/21 1.10 (Carsten Heinz)
\c@lstnumber=\count327
\lst@skipnumbers=\count328
\lst@framebox=\box64
)
(/usr/share/texmf-dist/tex/latex/listings/listings.cfg
File: listings.cfg 2024/02/21 1.10 listings configuration
))
Package: listings 2024/02/21 1.10 (Carsten Heinz)
runsystem(command -v pygmentize && touch list.aex)...disabled (restricted).



! Package minted Error: You must have `pygmentize' installed to use this packag
e.

See the minted package documentation for explanation.
Type  H <return>  for immediate help.
 ...                                              
                                                  
l.52 \begin{document}
                     
? 
LaTeX Font Info:    Trying to load font information for T1+CormorantGaramond-LF
 on input line 52.
(/usr/share/texmf-dist/tex/latex/cormorantgaramond/T1CormorantGaramond-LF.fd
File: T1CormorantGaramond-LF.fd 2019/12/11 (autoinst) Font definitions for T1/C
ormorantGaramond-LF.
)
LaTeX Font Info:    Font shape `T1/CormorantGaramond-LF/m/n' aliased to
(Font)              `T1/CormorantGaramond-LF/regular/n' on input line 52.
LaTeX Font Info:    Font shape `T1/CormorantGaramond-LF/regular/n' will be
(Font)              scaled to size 12.0pt on input line 52.

(/usr/share/texmf-dist/tex/latex/l3backend/l3backend-pdftex.def
File: l3backend-pdftex.def 2024-02-20 L3 backend support: PDF output (pdfTeX)
\l__color_backend_stack_int=\count329
\l__pdf_internal_box=\box65
) (./list.aux)
\openout1 = `list.aux'.

LaTeX Font Info:    Checking defaults for OML/cmm/m/it on input line 52.
LaTeX Font Info:    ... okay on input line 52.
LaTeX Font Info:    Checking defaults for OMS/cmsy/m/n on input line 52.
LaTeX Font Info:    ... okay on input line 52.
LaTeX Font Info:    Checking defaults for OT1/cmr/m/n on input line 52.
LaTeX Font Info:    ... okay on input line 52.
LaTeX Font Info:    Checking defaults for T1/cmr/m/n on input line 52.
LaTeX Font Info:    ... okay on input line 52.
LaTeX Font Info:    Checking defaults for TS1/cmr/m/n on input line 52.
LaTeX Font Info:    ... okay on input line 52.
LaTeX Font Info:    Checking defaults for OMX/cmex/m/n on input line 52.
LaTeX Font Info:    ... okay on input line 52.
LaTeX Font Info:    Checking defaults for U/cmr/m/n on input line 52.
LaTeX Font Info:    ... okay on input line 52.

*geometry* driver: auto-detecting
*geometry* detected driver: pdftex
*geometry* verbose mode - [ preamble ] result:
* driver: pdftex
* paper: a4paper
* layout: <same size as paper>
* layoutoffset:(h,v)=(0.0pt,0.0pt)
* modes: 
* h-part:(L,W,R)=(71.13188pt, 455.24411pt, 71.13188pt)
* v-part:(T,H,B)=(71.13188pt, 702.78308pt, 71.13188pt)
* \paperwidth=597.50787pt
* \paperheight=845.04684pt
* \textwidth=455.24411pt
* \textheight=702.78308pt
* \oddsidemargin=-1.1381pt
* \evensidemargin=-1.1381pt
* \topmargin=-38.1381pt
* \headheight=12.0pt
* \headsep=25.0pt
* \topskip=12.0pt
* \footskip=30.0pt
* \marginparwidth=44.0pt
* \marginparsep=10.0pt
* \columnsep=10.0pt
* \skip\footins=10.8pt plus 4.0pt minus 2.0pt
* \hoffset=0.0pt
* \voffset=0.0pt
* \mag=1000
* \@twocolumnfalse
* \@twosidefalse
* \@mparswitchfalse
* \@reversemarginfalse
* (1in=72.27pt=25.4mm, 1cm=28.453pt)

\c@mv@tabular=\count330
\c@mv@boldtabular=\count331
(/usr/share/texmf-dist/tex/context/base/mkii/supp-pdf.mkii
[Loading MPS to PDF converter (version 2006.09.02).]
\scratchcounter=\count332
\scratchdimen=\dimen182
\scratchbox=\box66
\nofMPsegments=\count333
\nofMParguments=\count334
\everyMPshowfont=\toks41
\MPscratchCnt=\count335
\MPscratchDim=\dimen183
\MPnumerator=\count336
\makeMPintoPDFobject=\count337
\everyMPtoPDFconversion=\toks42
)
\c@lstlisting=\count338
LaTeX Font Info:    Font shape `T1/CormorantGaramond-LF/m/n' aliased to
(Font)              `T1/CormorantGaramond-LF/regular/n' on input line 53.
LaTeX Font Info:    Font shape `T1/CormorantGaramond-LF/regular/n' will be
(Font)              scaled to size 20.74pt on input line 53.
LaTeX Font Info:    Font shape `T1/CormorantGaramond-LF/b/n' aliased to
(Font)              `T1/CormorantGaramond-LF/bold/n' on input line 53.
LaTeX Font Info:    Font shape `T1/CormorantGaramond-LF/bold/n' will be
(Font)              scaled to size 20.74pt on input line 53.
LaTeX Font Info:    Font shape `T1/CormorantGaramond-LF/b/n' aliased to
(Font)              `T1/CormorantGaramond-LF/bold/n' on input line 53.
LaTeX Font Info:    Font shape `T1/CormorantGaramond-LF/bold/n' will be
(Font)              scaled to size 24.88pt on input line 53.
LaTeX Font Info:    Font shape `T1/CormorantGaramond-LF/b/n' aliased to
(Font)              `T1/CormorantGaramond-LF/bold/n' on input line 53.
LaTeX Font Info:    Font shape `T1/CormorantGaramond-LF/bold/n' will be
(Font)              scaled to size 14.4pt on input line 53.
LaTeX Font Info:    Font shape `T1/CormorantGaramond-LF/m/n' aliased to
(Font)              `T1/CormorantGaramond-LF/regular/n' on input line 53.
LaTeX Font Info:    Font shape `T1/CormorantGaramond-LF/regular/n' will be
(Font)              scaled to size 14.4pt on input line 53.
LaTeX Font Info:    Trying to load font information for U+msa on input line 53.

 (/usr/share/texmf-dist/tex/latex/amsfonts/umsa.fd
File: umsa.fd 2013/01/14 v3.01 AMS symbols A
)
LaTeX Font Info:    Trying to load font information for U+msb on input line 53.


(/usr/share/texmf-dist/tex/latex/amsfonts/umsb.fd
File: umsb.fd 2013/01/14 v3.01 AMS symbols B
)
LaTeX Font Info:    Font shape `T1/CormorantGaramond-LF/b/n' aliased to
(Font)              `T1/CormorantGaramond-LF/bold/n' on input line 53.
LaTeX Font Info:    Font shape `T1/CormorantGaramond-LF/bold/n' will be
(Font)              scaled to size 17.28pt on input line 53.
LaTeX Font Info:    Font shape `T1/CormorantGaramond-LF/m/n' aliased to
(Font)              `T1/CormorantGaramond-LF/regular/n' on input line 55.
LaTeX Font Info:    Font shape `T1/CormorantGaramond-LF/regular/n' will be
(Font)              scaled to size 17.28pt on input line 55.
LaTeX Font Info:    Trying to load font information for TS1+CormorantGaramond-L
F on input line 59.

(/usr/share/texmf-dist/tex/latex/cormorantgaramond/TS1CormorantGaramond-LF.fd
File: TS1CormorantGaramond-LF.fd 2019/12/11 (autoinst) Font definitions for TS1
/CormorantGaramond-LF.
)
LaTeX Font Info:    Font shape `TS1/CormorantGaramond-LF/m/n' aliased to
(Font)              `TS1/CormorantGaramond-LF/regular/n' on input line 59.
LaTeX Font Info:    Font shape `TS1/CormorantGaramond-LF/regular/n' will be
(Font)              scaled to size 12.0pt on input line 59.
LaTeX Font Info:    Font shape `T1/CormorantGaramond-LF/b/n' aliased to
(Font)              `T1/CormorantGaramond-LF/bold/n' on input line 63.
LaTeX Font Info:    Font shape `T1/CormorantGaramond-LF/bold/n' will be
(Font)              scaled to size 12.0pt on input line 63.

Underfull \hbox (badness 10000) in paragraph at lines 63--64

 []

LaTeX Font Info:    Font shape `T1/CormorantGaramond-LF/m/n' aliased to
(Font)              `T1/CormorantGaramond-LF/regular/n' on input line 68.
LaTeX Font Info:    Font shape `T1/CormorantGaramond-LF/regular/n' will be
(Font)              scaled to size 10.0pt on input line 68.
[1

{/var/lib/texmf/fonts/map/pdftex/updmap/pdftex.map}{/usr/share/texmf-dist/fonts
/enc/dvips/cormorantgaramond/cgrm_yah5fp.enc}{/usr/share/texmf-dist/fonts/enc/d
vips/cormorantgaramond/cgrm_v7t4yx.enc}]

Package fancyhdr Warning: \headheight is too small (12.0pt): 
(fancyhdr)                Make it at least 14.49998pt, for example:
(fancyhdr)                \setlength{\headheight}{14.49998pt}.
(fancyhdr)                You might also make \topmargin smaller to compensate:

(fancyhdr)                \addtolength{\topmargin}{-2.49998pt}.

[2]
Overfull \hbox (1.6889pt too wide) in paragraph at lines 153--154
\T1/CormorantGaramond-LF/regular/n/12 Warto za-uwa»y¢, »e za-mi-ast stan-dar-d-
owej inkre-men-tacji $\OML/cmm/m/it/12 j$\T1/CormorantGaramond-LF/regular/n/12 
, tu-taj $\OML/cmm/m/it/12 j$ \T1/CormorantGaramond-LF/regular/n/12 przyj-muje 
kole-jne warto±ci: 
 []

LaTeX Font Info:    Font shape `T1/CormorantGaramond-LF/m/n' aliased to
(Font)              `T1/CormorantGaramond-LF/regular/n' on input line 169.
LaTeX Font Info:    Font shape `T1/CormorantGaramond-LF/regular/n' will be
(Font)              scaled to size 8.0pt on input line 169.
LaTeX Font Info:    Font shape `T1/CormorantGaramond-LF/m/n' aliased to
(Font)              `T1/CormorantGaramond-LF/regular/n' on input line 169.
LaTeX Font Info:    Font shape `T1/CormorantGaramond-LF/regular/n' will be
(Font)              scaled to size 6.0pt on input line 169.

Package fancyhdr Warning: \headheight is too small (12.0pt): 
(fancyhdr)                Make it at least 14.49998pt, for example:
(fancyhdr)                \setlength{\headheight}{14.49998pt}.
(fancyhdr)                You might also make \topmargin smaller to compensate:

(fancyhdr)                \addtolength{\topmargin}{-2.49998pt}.

[3]
Overfull \hbox (51.76085pt too wide) detected at line 192
[] [] \OT1/cmr/m/n/12 = \OML/cmm/m/it/12 n \OT1/cmr/m/n/12 + 2 [](\OMS/cmsy/m/n
/12 d[][]\OT1/cmr/m/n/12 (\OML/cmm/m/it/12 n\OT1/cmr/m/n/12 ) \OMS/cmsy/m/n/12 
^^@ [][]\OT1/cmr/m/n/12 (\OML/cmm/m/it/12 i\OT1/cmr/m/n/12 )\OMS/cmsy/m/n/12 e\
OT1/cmr/m/n/12 ) = \OML/cmm/m/it/12 n \OT1/cmr/m/n/12 + 2\OML/cmm/m/it/12 n\OMS
/cmsy/m/n/12 d[][]\OT1/cmr/m/n/12 (\OML/cmm/m/it/12 n\OT1/cmr/m/n/12 )\OMS/cmsy
/m/n/12 e ^^@ \OT1/cmr/m/n/12 2 [](\OMS/cmsy/m/n/12 b[][]\OT1/cmr/m/n/12 (\OML/
cmm/m/it/12 i\OT1/cmr/m/n/12 )\OMS/cmsy/m/n/12 c ^^@ \OML/cmm/m/it/12 ^^N\OT1/c
mr/m/n/12 )
 []


Package fancyhdr Warning: \headheight is too small (12.0pt): 
(fancyhdr)                Make it at least 14.49998pt, for example:
(fancyhdr)                \setlength{\headheight}{14.49998pt}.
(fancyhdr)                You might also make \topmargin smaller to compensate:

(fancyhdr)                \addtolength{\topmargin}{-2.49998pt}.

[4]

Package fancyhdr Warning: \headheight is too small (12.0pt): 
(fancyhdr)                Make it at least 14.49998pt, for example:
(fancyhdr)                \setlength{\headheight}{14.49998pt}.
(fancyhdr)                You might also make \topmargin smaller to compensate:

(fancyhdr)                \addtolength{\topmargin}{-2.49998pt}.

[5]
Underfull \hbox (badness 10000) in paragraph at lines 274--280

 []

LaTeX Font Info:    Font shape `T1/CormorantGaramond-LF/m/sc' aliased to
(Font)              `T1/CormorantGaramond-LF/regular/sc' on input line 280.
LaTeX Font Info:    Font shape `T1/CormorantGaramond-LF/regular/sc' will be
(Font)              scaled to size 12.0pt on input line 280.
LaTeX Font Info:    Trying to load font information for T1+cmtt on input line 2
96.
(/usr/share/texmf-dist/tex/latex/base/t1cmtt.fd
File: t1cmtt.fd 2023/04/13 v2.5m Standard LaTeX font definitions
)
LaTeX Font Info:    Font shape `T1/cmtt/bx/n' in size <12> not available
(Font)              Font shape `T1/cmtt/m/n' tried instead on input line 308.


Package fancyhdr Warning: \headheight is too small (12.0pt): 
(fancyhdr)                Make it at least 14.49998pt, for example:
(fancyhdr)                \setlength{\headheight}{14.49998pt}.
(fancyhdr)                You might also make \topmargin smaller to compensate:

(fancyhdr)                \addtolength{\topmargin}{-2.49998pt}.

[6{/usr/share/texmf-dist/fonts/enc/dvips/cormorantgaramond/cgrm_hnmd4t.enc}{/us
r/share/texmf-dist/fonts/enc/dvips/cm-super/cm-super-t1.enc}]
Overfull \hbox (7.44968pt too wide) in paragraph at lines 371--372
[]\T1/cmtt/m/n/12 power \T1/CormorantGaramond-LF/regular/n/12 ro±nie wykªad-nic
zo, poniewa» w ka»dej it-er-acji jest pod-nos-zone do kwadratu: $[] \OMS/cmsy/m
/n/12  
 []


Package fancyhdr Warning: \headheight is too small (12.0pt): 
(fancyhdr)                Make it at least 14.49998pt, for example:
(fancyhdr)                \setlength{\headheight}{14.49998pt}.
(fancyhdr)                You might also make \topmargin smaller to compensate:

(fancyhdr)                \addtolength{\topmargin}{-2.49998pt}.

[7]

Package fancyhdr Warning: \headheight is too small (12.0pt): 
(fancyhdr)                Make it at least 14.49998pt, for example:
(fancyhdr)                \setlength{\headheight}{14.49998pt}.
(fancyhdr)                You might also make \topmargin smaller to compensate:

(fancyhdr)                \addtolength{\topmargin}{-2.49998pt}.

[8]

Package fancyhdr Warning: \headheight is too small (12.0pt): 
(fancyhdr)                Make it at least 14.49998pt, for example:
(fancyhdr)                \setlength{\headheight}{14.49998pt}.
(fancyhdr)                You might also make \topmargin smaller to compensate:

(fancyhdr)                \addtolength{\topmargin}{-2.49998pt}.

[9]

Package fancyhdr Warning: \headheight is too small (12.0pt): 
(fancyhdr)                Make it at least 14.49998pt, for example:
(fancyhdr)                \setlength{\headheight}{14.49998pt}.
(fancyhdr)                You might also make \topmargin smaller to compensate:

(fancyhdr)                \addtolength{\topmargin}{-2.49998pt}.

[10]

Package fancyhdr Warning: \headheight is too small (12.0pt): 
(fancyhdr)                Make it at least 14.49998pt, for example:
(fancyhdr)                \setlength{\headheight}{14.49998pt}.
(fancyhdr)                You might also make \topmargin smaller to compensate:

(fancyhdr)                \addtolength{\topmargin}{-2.49998pt}.

[11]

Package fancyhdr Warning: \headheight is too small (12.0pt): 
(fancyhdr)                Make it at least 14.49998pt, for example:
(fancyhdr)                \setlength{\headheight}{14.49998pt}.
(fancyhdr)                You might also make \topmargin smaller to compensate:

(fancyhdr)                \addtolength{\topmargin}{-2.49998pt}.

[12]

Package fancyhdr Warning: \headheight is too small (12.0pt): 
(fancyhdr)                Make it at least 14.49998pt, for example:
(fancyhdr)                \setlength{\headheight}{14.49998pt}.
(fancyhdr)                You might also make \topmargin smaller to compensate:

(fancyhdr)                \addtolength{\topmargin}{-2.49998pt}.

[13]
Overfull \hbox (17.54265pt too wide) in paragraph at lines 657--658
[]\T1/CormorantGaramond-LF/regular/n/12 Stosuj¡c metod¦ ani-hi-la-torów i op-er
-a-tor prze-suni¦-cia $\OML/cmm/m/it/12 E$\T1/CormorantGaramond-LF/regular/n/12
 , uzysku-jemy os-tate-czn¡ posta¢ rozwi¡za-
 []


Package fancyhdr Warning: \headheight is too small (12.0pt): 
(fancyhdr)                Make it at least 14.49998pt, for example:
(fancyhdr)                \setlength{\headheight}{14.49998pt}.
(fancyhdr)                You might also make \topmargin smaller to compensate:

(fancyhdr)                \addtolength{\topmargin}{-2.49998pt}.

[14]

Package fancyhdr Warning: \headheight is too small (12.0pt): 
(fancyhdr)                Make it at least 14.49998pt, for example:
(fancyhdr)                \setlength{\headheight}{14.49998pt}.
(fancyhdr)                You might also make \topmargin smaller to compensate:

(fancyhdr)                \addtolength{\topmargin}{-2.49998pt}.

[15]

Package fancyhdr Warning: \headheight is too small (12.0pt): 
(fancyhdr)                Make it at least 14.49998pt, for example:
(fancyhdr)                \setlength{\headheight}{14.49998pt}.
(fancyhdr)                You might also make \topmargin smaller to compensate:

(fancyhdr)                \addtolength{\topmargin}{-2.49998pt}.

[16]
Overfull \hbox (18.4222pt too wide) in paragraph at lines 784--785
[]\T1/CormorantGaramond-LF/regular/n/12 Pierwszy wiersz macierzy prze-j±-cia sk
ªada si¦ z dwóch cz¦±ci: wspóªczyn-niki rekurencji $\OML/cmm/m/it/12 a[]; [] ; 
a[]$
 []


Package fancyhdr Warning: \headheight is too small (12.0pt): 
(fancyhdr)                Make it at least 14.49998pt, for example:
(fancyhdr)                \setlength{\headheight}{14.49998pt}.
(fancyhdr)                You might also make \topmargin smaller to compensate:

(fancyhdr)                \addtolength{\topmargin}{-2.49998pt}.

[17] (/usr/share/texmf-dist/tex/latex/listings/lstlang1.sty
File: lstlang1.sty 2024/02/21 1.10 listings language file
)
(/usr/share/texmf-dist/tex/latex/listings/lstlang1.sty
File: lstlang1.sty 2024/02/21 1.10 listings language file
)
(/usr/share/texmf-dist/tex/latex/listings/lstmisc.sty
File: lstmisc.sty 2024/02/21 1.10 (Carsten Heinz)
)

Package fancyhdr Warning: \headheight is too small (12.0pt): 
(fancyhdr)                Make it at least 14.49998pt, for example:
(fancyhdr)                \setlength{\headheight}{14.49998pt}.
(fancyhdr)                You might also make \topmargin smaller to compensate:

(fancyhdr)                \addtolength{\topmargin}{-2.49998pt}.

[18]

Package fancyhdr Warning: \headheight is too small (12.0pt): 
(fancyhdr)                Make it at least 14.49998pt, for example:
(fancyhdr)                \setlength{\headheight}{14.49998pt}.
(fancyhdr)                You might also make \topmargin smaller to compensate:

(fancyhdr)                \addtolength{\topmargin}{-2.49998pt}.

[19]
LaTeX Font Info:    Font shape `T1/CormorantGaramond-LF/m/it' aliased to
(Font)              `T1/CormorantGaramond-LF/regular/it' on input line 922.
LaTeX Font Info:    Font shape `T1/CormorantGaramond-LF/regular/it' will be
(Font)              scaled to size 12.0pt on input line 922.

Overfull \hbox (6.1762pt too wide) in paragraph at lines 922--924
[]\T1/CormorantGaramond-LF/regular/n/12 Rozwa»my stan-dar-d-ow¡ pro-ce-dur¦ \T1
/cmtt/m/n/12 Build-Heap($\OML/cmm/m/it/12 A$\T1/cmtt/m/n/12 )\T1/CormorantGaram
ond-LF/regular/n/12 , która dla tabl-icy $\OML/cmm/m/it/12 A\OT1/cmr/m/n/12 [1\
OML/cmm/m/it/12 ::n\OT1/cmr/m/n/12 ]$ \T1/CormorantGaramond-LF/regular/n/12 (in
-dek-sowanej
 []


Overfull \hbox (9.57278pt too wide) in paragraph at lines 934--939
[] []\T1/CormorantGaramond-LF/bold/n/12 Idea dowodu[] \T1/CormorantGaramond-LF/
regular/n/12 Wyko-rzys-tu-jemy fakt, »e wywoªanie \T1/cmtt/m/n/12 Heapify \T1/C
ormorantGaramond-LF/regular/n/12 na w¦¹le o in-dek-sie $\OML/cmm/m/it/12 i$ \T1
/CormorantGaramond-LF/regular/n/12 mo»e spowodowa¢
 []


Overfull \hbox (7.8378pt too wide) in paragraph at lines 951--953
[]\T1/CormorantGaramond-LF/regular/n/12 Aby os-za-cowa¢ ª¡czny koszt, sumu-jemy
 czas \T1/cmtt/m/n/12 Heapify \T1/CormorantGaramond-LF/regular/n/12 dla wszys-t
-kich w¦zªów $\OML/cmm/m/it/12 i \OT1/cmr/m/n/12 = \OMS/cmsy/m/n/12 b\OML/cmm/m
/it/12 n=\OT1/cmr/m/n/12 2\OMS/cmsy/m/n/12 c\OML/cmm/m/it/12 ; \OMS/cmsy/m/n/12
 b\OML/cmm/m/it/12 n=\OT1/cmr/m/n/12 2\OMS/cmsy/m/n/12 c ^^@
 []


Overfull \hbox (9.39203pt too wide) in paragraph at lines 955--959
[] []\T1/CormorantGaramond-LF/bold/n/12 Sumowanie po poziomach[] \T1/CormorantG
aramond-LF/regular/n/12 Wyobra¹my so-bie drzewo kopca jako drzewo bi-na-rne wys
oko±ci $\OMS/cmsy/m/n/12 b[] \OML/cmm/m/it/12 n\OMS/cmsy/m/n/12 c$\T1/Cormorant
Garamond-LF/regular/n/12 .
 []


Package fancyhdr Warning: \headheight is too small (12.0pt): 
(fancyhdr)                Make it at least 14.49998pt, for example:
(fancyhdr)                \setlength{\headheight}{14.49998pt}.
(fancyhdr)                You might also make \topmargin smaller to compensate:

(fancyhdr)                \addtolength{\topmargin}{-2.49998pt}.

[20{/usr/share/texmf-dist/fonts/enc/dvips/cormorantgaramond/cgrm_xwhmgi.enc}]

Package fancyhdr Warning: \headheight is too small (12.0pt): 
(fancyhdr)                Make it at least 14.49998pt, for example:
(fancyhdr)                \setlength{\headheight}{14.49998pt}.
(fancyhdr)                You might also make \topmargin smaller to compensate:

(fancyhdr)                \addtolength{\topmargin}{-2.49998pt}.

[21]

Package fancyhdr Warning: \headheight is too small (12.0pt): 
(fancyhdr)                Make it at least 14.49998pt, for example:
(fancyhdr)                \setlength{\headheight}{14.49998pt}.
(fancyhdr)                You might also make \topmargin smaller to compensate:

(fancyhdr)                \addtolength{\topmargin}{-2.49998pt}.

[22]

Package fancyhdr Warning: \headheight is too small (12.0pt): 
(fancyhdr)                Make it at least 14.49998pt, for example:
(fancyhdr)                \setlength{\headheight}{14.49998pt}.
(fancyhdr)                You might also make \topmargin smaller to compensate:

(fancyhdr)                \addtolength{\topmargin}{-2.49998pt}.

[23]

Package fancyhdr Warning: \headheight is too small (12.0pt): 
(fancyhdr)                Make it at least 14.49998pt, for example:
(fancyhdr)                \setlength{\headheight}{14.49998pt}.
(fancyhdr)                You might also make \topmargin smaller to compensate:

(fancyhdr)                \addtolength{\topmargin}{-2.49998pt}.

[24] (./list.aux)
 ***********
LaTeX2e <2023-11-01> patch level 1
L3 programming layer <2024-02-20>
 ***********
 ) 
Here is how much of TeX's memory you used:
 11105 strings out of 476041
 186996 string characters out of 5792972
 2304187 words of memory out of 5000000
 33029 multiletter control sequences out of 15000+600000
 648137 words of font info for 102 fonts, out of 8000000 for 9000
 34 hyphenation exceptions out of 8191
 77i,12n,97p,549b,1759s stack positions out of 10000i,1000n,20000p,200000b,200000s
</usr/share/texmf-dist/fonts/type1/catharsis/cormorantgaramond/CormorantGaram
ond-Bold.pfb></usr/share/texmf-dist/fonts/type1/catharsis/cormorantgaramond/Cor
morantGaramond-Italic.pfb></usr/share/texmf-dist/fonts/type1/catharsis/cormoran
tgaramond/CormorantGaramond-Regular.pfb></usr/share/texmf-dist/fonts/type1/publ
ic/amsfonts/cm/cmbx12.pfb></usr/share/texmf-dist/fonts/type1/public/amsfonts/cm
/cmex10.pfb></usr/share/texmf-dist/fonts/type1/public/amsfonts/cm/cmmi12.pfb></
usr/share/texmf-dist/fonts/type1/public/amsfonts/cm/cmmi6.pfb></usr/share/texmf
-dist/fonts/type1/public/amsfonts/cm/cmmi8.pfb></usr/share/texmf-dist/fonts/typ
e1/public/amsfonts/cm/cmr12.pfb></usr/share/texmf-dist/fonts/type1/public/amsfo
nts/cm/cmr6.pfb></usr/share/texmf-dist/fonts/type1/public/amsfonts/cm/cmr8.pfb>
</usr/share/texmf-dist/fonts/type1/public/amsfonts/cm/cmsy10.pfb></usr/share/te
xmf-dist/fonts/type1/public/amsfonts/cm/cmsy8.pfb></usr/share/texmf-dist/fonts/
type1/public/amsfonts/symbols/msbm10.pfb></usr/share/texmf-dist/fonts/type1/pub
lic/cm-super/sftt0800.pfb></usr/share/texmf-dist/fonts/type1/public/cm-super/sf
tt1000.pfb></usr/share/texmf-dist/fonts/type1/public/cm-super/sftt1200.pfb>
Output written on list.pdf (24 pages, 371513 bytes).
PDF statistics:
 178 PDF objects out of 1000 (max. 8388607)
 114 compressed objects within 2 object streams
 0 named destinations out of 1000 (max. 500000)
 1 words of extra memory for PDF output out of 10000 (max. 10000000)

